
32. Printing statistics.

=== i2c_master_top ===

   Number of wires:                771
   Number of wire bits:            787
   Number of public wires:         159
   Number of public wire bits:     175
   Number of memories:               0
   Number of memory bits:            0
   Number of processes:              0
   Number of cells:                768
     sky130_fd_sc_hd__a2111o_2       1
     sky130_fd_sc_hd__a211o_2        2
     sky130_fd_sc_hd__a21bo_2       15
     sky130_fd_sc_hd__a21boi_2       2
     sky130_fd_sc_hd__a21o_2         6
     sky130_fd_sc_hd__a21oi_2        4
     sky130_fd_sc_hd__a221o_2        8
     sky130_fd_sc_hd__a221oi_2       1
     sky130_fd_sc_hd__a22o_2        17
     sky130_fd_sc_hd__a22oi_2        1
     sky130_fd_sc_hd__a2bb2o_2       1
     sky130_fd_sc_hd__a2bb2oi_2      1
     sky130_fd_sc_hd__a311o_2        1
     sky130_fd_sc_hd__a31o_2         6
     sky130_fd_sc_hd__a32o_2        13
     sky130_fd_sc_hd__a41o_2         2
     sky130_fd_sc_hd__and2_2         8
     sky130_fd_sc_hd__and3_2        17
     sky130_fd_sc_hd__and3b_2        1
     sky130_fd_sc_hd__and4_2         2
     sky130_fd_sc_hd__buf_1         75
     sky130_fd_sc_hd__conb_1         2
     sky130_fd_sc_hd__dfrtp_2      113
     sky130_fd_sc_hd__dfstp_2       30
     sky130_fd_sc_hd__dfxtp_2       11
     sky130_fd_sc_hd__inv_2        134
     sky130_fd_sc_hd__mux2_1        50
     sky130_fd_sc_hd__mux2_2         1
     sky130_fd_sc_hd__nand2_2       13
     sky130_fd_sc_hd__nand4b_2       1
     sky130_fd_sc_hd__nor2_2        20
     sky130_fd_sc_hd__nor2b_2        1
     sky130_fd_sc_hd__nor3_2         2
     sky130_fd_sc_hd__nor4_2         2
     sky130_fd_sc_hd__o2111a_2       1
     sky130_fd_sc_hd__o211a_2        4
     sky130_fd_sc_hd__o211ai_2       3
     sky130_fd_sc_hd__o21a_2         7
     sky130_fd_sc_hd__o21ai_2        3
     sky130_fd_sc_hd__o221a_2        8
     sky130_fd_sc_hd__o221ai_2       7
     sky130_fd_sc_hd__o22a_2        10
     sky130_fd_sc_hd__o22ai_2       15
     sky130_fd_sc_hd__o311a_2        2
     sky130_fd_sc_hd__o31a_2         1
     sky130_fd_sc_hd__o32a_2        41
     sky130_fd_sc_hd__or2_2         50
     sky130_fd_sc_hd__or3_2         24
     sky130_fd_sc_hd__or3b_2         2
     sky130_fd_sc_hd__or4_2         24
     sky130_fd_sc_hd__or4b_2         2

   Chip area for module '\i2c_master_top': 8585.734400

