Startpoint: arst_i (input port clocked by wb_clk_i)
Endpoint: _1333_ (removal check against rising-edge clock wb_clk_i)
Path Group: **async_default**
Path Type: min

Fanout     Cap    Slew   Delay    Time   Description
-----------------------------------------------------------------------------
                  0.00    0.00    0.00   clock wb_clk_i (rise edge)
                          0.00    0.00   clock network delay (ideal)
                          2.00    2.00 ^ input external delay
                  0.01    0.00    2.00 ^ arst_i (in)
     1    0.00                           arst_i (net)
                  0.01    0.00    2.00 ^ input1/A (sky130_fd_sc_hd__buf_2)
                  0.11    0.12    2.12 ^ input1/X (sky130_fd_sc_hd__buf_2)
     6    0.03                           net1 (net)
                  0.11    0.00    2.12 ^ _1333_/RESET_B (sky130_fd_sc_hd__dfrtp_4)
                                  2.12   data arrival time

                  0.00    0.00    0.00   clock wb_clk_i (rise edge)
                          0.00    0.00   clock network delay (ideal)
                          0.00    0.00   clock reconvergence pessimism
                                  0.00 ^ _1333_/CLK (sky130_fd_sc_hd__dfrtp_4)
                          0.21    0.21   library removal time
                                  0.21   data required time
-----------------------------------------------------------------------------
                                  0.21   data required time
                                 -2.12   data arrival time
-----------------------------------------------------------------------------
                                  1.91   slack (MET)


Startpoint: _1317_ (rising edge-triggered flip-flop clocked by wb_clk_i)
Endpoint: _1317_ (rising edge-triggered flip-flop clocked by wb_clk_i)
Path Group: wb_clk_i
Path Type: min

Fanout     Cap    Slew   Delay    Time   Description
-----------------------------------------------------------------------------
                  0.00    0.00    0.00   clock wb_clk_i (rise edge)
                          0.00    0.00   clock network delay (ideal)
                  0.00    0.00    0.00 ^ _1317_/CLK (sky130_fd_sc_hd__dfrtp_1)
                  0.02    0.17    0.17 ^ _1317_/Q (sky130_fd_sc_hd__dfrtp_1)
     3    0.00                           byte_controller.dout[4] (net)
                  0.02    0.00    0.17 ^ _0881_/B1 (sky130_fd_sc_hd__a32o_1)
                  0.03    0.06    0.23 ^ _0881_/X (sky130_fd_sc_hd__a32o_1)
     1    0.00                           _0175_ (net)
                  0.03    0.00    0.23 ^ _1317_/D (sky130_fd_sc_hd__dfrtp_1)
                                  0.23   data arrival time

                  0.00    0.00    0.00   clock wb_clk_i (rise edge)
                          0.00    0.00   clock network delay (ideal)
                          0.00    0.00   clock reconvergence pessimism
                                  0.00 ^ _1317_/CLK (sky130_fd_sc_hd__dfrtp_1)
                         -0.02   -0.02   library hold time
                                 -0.02   data required time
-----------------------------------------------------------------------------
                                 -0.02   data required time
                                 -0.23   data arrival time
-----------------------------------------------------------------------------
                                  0.25   slack (MET)


Startpoint: arst_i (input port clocked by wb_clk_i)
Endpoint: _1345_ (recovery check against rising-edge clock wb_clk_i)
Path Group: **async_default**
Path Type: max

Fanout     Cap    Slew   Delay    Time   Description
-----------------------------------------------------------------------------
                  0.00    0.00    0.00   clock wb_clk_i (rise edge)
                          0.00    0.00   clock network delay (ideal)
                          2.00    2.00 ^ input external delay
                  0.02    0.00    2.00 ^ arst_i (in)
     1    0.00                           arst_i (net)
                  0.02    0.00    2.00 ^ input1/A (sky130_fd_sc_hd__buf_2)
                  0.23    0.30    2.30 ^ input1/X (sky130_fd_sc_hd__buf_2)
     6    0.03                           net1 (net)
                  0.23    0.00    2.30 ^ repeater40/A (sky130_fd_sc_hd__buf_8)
                  0.10    0.27    2.57 ^ repeater40/X (sky130_fd_sc_hd__buf_8)
    20    0.03                           net40 (net)
                  0.10    0.00    2.57 ^ repeater39/A (sky130_fd_sc_hd__buf_6)
                  0.19    0.29    2.86 ^ repeater39/X (sky130_fd_sc_hd__buf_6)
    14    0.05                           net39 (net)
                  0.19    0.00    2.86 ^ repeater38/A (sky130_fd_sc_hd__buf_6)
                  0.06    0.22    3.08 ^ repeater38/X (sky130_fd_sc_hd__buf_6)
    17    0.01                           net38 (net)
                  0.06    0.00    3.08 ^ repeater34/A (sky130_fd_sc_hd__clkbuf_8)
                  0.04    0.18    3.26 ^ repeater34/X (sky130_fd_sc_hd__clkbuf_8)
    18    0.00                           net34 (net)
                  0.04    0.00    3.26 ^ repeater33/A (sky130_fd_sc_hd__buf_8)
                  0.10    0.19    3.45 ^ repeater33/X (sky130_fd_sc_hd__buf_8)
    21    0.03                           net33 (net)
                  0.10    0.00    3.45 ^ _1345_/SET_B (sky130_fd_sc_hd__dfstp_1)
                                  3.45   data arrival time

                  0.00   10.00   10.00   clock wb_clk_i (rise edge)
                          0.00   10.00   clock network delay (ideal)
                          0.00   10.00   clock reconvergence pessimism
                                 10.00 ^ _1345_/CLK (sky130_fd_sc_hd__dfstp_1)
                          0.24   10.24   library recovery time
                                 10.24   data required time
-----------------------------------------------------------------------------
                                 10.24   data required time
                                 -3.45   data arrival time
-----------------------------------------------------------------------------
                                  6.79   slack (MET)


Startpoint: _1262_ (rising edge-triggered flip-flop clocked by wb_clk_i)
Endpoint: _1266_ (rising edge-triggered flip-flop clocked by wb_clk_i)
Path Group: wb_clk_i
Path Type: max

Fanout     Cap    Slew   Delay    Time   Description
-----------------------------------------------------------------------------
                  0.00    0.00    0.00   clock wb_clk_i (rise edge)
                          0.00    0.00   clock network delay (ideal)
                  0.00    0.00    0.00 ^ _1262_/CLK (sky130_fd_sc_hd__dfrtp_1)
                  0.09    0.72    0.72 v _1262_/Q (sky130_fd_sc_hd__dfrtp_1)
     2    0.00                           byte_controller.bit_controller.filter_cnt[1] (net)
                  0.09    0.00    0.72 v _0722_/A (sky130_fd_sc_hd__or2_1)
                  0.13    0.55    1.27 v _0722_/X (sky130_fd_sc_hd__or2_1)
     3    0.01                           _0315_ (net)
                  0.13    0.00    1.27 v _0723_/B (sky130_fd_sc_hd__or2_1)
                  0.14    0.53    1.80 v _0723_/X (sky130_fd_sc_hd__or2_1)
     3    0.01                           _0316_ (net)
                  0.14    0.00    1.80 v _0724_/B (sky130_fd_sc_hd__or2_1)
                  0.13    0.53    2.33 v _0724_/X (sky130_fd_sc_hd__or2_1)
     4    0.01                           _0317_ (net)
                  0.13    0.00    2.33 v _0725_/C (sky130_fd_sc_hd__or3_1)
                  0.11    0.68    3.01 v _0725_/X (sky130_fd_sc_hd__or3_1)
     3    0.00                           _0318_ (net)
                  0.11    0.00    3.01 v _0726_/B (sky130_fd_sc_hd__or2_1)
                  0.13    0.52    3.53 v _0726_/X (sky130_fd_sc_hd__or2_1)
     3    0.01                           _0319_ (net)
                  0.13    0.00    3.53 v _0727_/B (sky130_fd_sc_hd__or2_2)
                  0.14    0.68    4.22 v _0727_/X (sky130_fd_sc_hd__or2_2)
     5    0.01                           _0320_ (net)
                  0.14    0.00    4.22 v _0728_/D (sky130_fd_sc_hd__or4_4)
                  0.17    0.88    5.10 v _0728_/X (sky130_fd_sc_hd__or4_4)
     3    0.01                           _0321_ (net)
                  0.17    0.00    5.10 v _0729_/B (sky130_fd_sc_hd__or2_1)
                  0.12    0.52    5.62 v _0729_/X (sky130_fd_sc_hd__or2_1)
     3    0.00                           _0322_ (net)
                  0.12    0.00    5.62 v _0730_/B (sky130_fd_sc_hd__or2_2)
                  0.15    0.71    6.32 v _0730_/X (sky130_fd_sc_hd__or2_2)
     3    0.01                           _0323_ (net)
                  0.15    0.00    6.32 v _0731_/A (sky130_fd_sc_hd__inv_2)
                  0.09    0.14    6.46 ^ _0731_/Y (sky130_fd_sc_hd__inv_2)
     4    0.01                           _0324_ (net)
                  0.09    0.00    6.46 ^ _0732_/A (sky130_fd_sc_hd__buf_6)
                  0.03    0.15    6.61 ^ _0732_/X (sky130_fd_sc_hd__buf_6)
    18    0.00                           _0074_ (net)
                  0.03    0.00    6.61 ^ _1205_/S (sky130_fd_sc_hd__mux2_1)
                  0.11    0.66    7.27 v _1205_/X (sky130_fd_sc_hd__mux2_1)
     1    0.00                           _0089_ (net)
                  0.11    0.00    7.27 v _1053_/C (sky130_fd_sc_hd__and3_1)
                  0.07    0.38    7.65 v _1053_/X (sky130_fd_sc_hd__and3_1)
     1    0.00                           _0055_ (net)
                  0.07    0.00    7.65 v _1266_/D (sky130_fd_sc_hd__dfrtp_1)
                                  7.65   data arrival time

                  0.00   10.00   10.00   clock wb_clk_i (rise edge)
                          0.00   10.00   clock network delay (ideal)
                          0.00   10.00   clock reconvergence pessimism
                                 10.00 ^ _1266_/CLK (sky130_fd_sc_hd__dfrtp_1)
                         -0.30    9.70   library setup time
                                  9.70   data required time
-----------------------------------------------------------------------------
                                  9.70   data required time
                                 -7.65   data arrival time
-----------------------------------------------------------------------------
                                  2.06   slack (MET)


