Startpoint: arst_i (input port clocked by wb_clk_i)
Endpoint: _1333_ (removal check against rising-edge clock wb_clk_i)
Path Group: **async_default**
Path Type: min

Fanout     Cap    Slew   Delay    Time   Description
-----------------------------------------------------------------------------
                  0.00    0.00    0.00   clock wb_clk_i (rise edge)
                          0.00    0.00   clock network delay (ideal)
                          4.00    4.00 ^ input external delay
                  0.01    0.00    4.00 ^ arst_i (in)
     1    0.00                           arst_i (net)
                  0.01    0.00    4.00 ^ input1/A (sky130_fd_sc_hd__clkbuf_4)
                  0.08    0.12    4.12 ^ input1/X (sky130_fd_sc_hd__clkbuf_4)
     8    0.03                           net1 (net)
                  0.08    0.00    4.12 ^ _1333_/RESET_B (sky130_fd_sc_hd__dfrtp_4)
                                  4.12   data arrival time

                  0.00    0.00    0.00   clock wb_clk_i (rise edge)
                          0.00    0.00   clock network delay (ideal)
                          0.00    0.00   clock reconvergence pessimism
                                  0.00 ^ _1333_/CLK (sky130_fd_sc_hd__dfrtp_4)
                          0.21    0.21   library removal time
                                  0.21   data required time
-----------------------------------------------------------------------------
                                  0.21   data required time
                                 -4.12   data arrival time
-----------------------------------------------------------------------------
                                  3.91   slack (MET)


Startpoint: _1275_ (rising edge-triggered flip-flop clocked by wb_clk_i)
Endpoint: _1276_ (rising edge-triggered flip-flop clocked by wb_clk_i)
Path Group: wb_clk_i
Path Type: min

Fanout     Cap    Slew   Delay    Time   Description
-----------------------------------------------------------------------------
                  0.00    0.00    0.00   clock wb_clk_i (rise edge)
                          0.00    0.00   clock network delay (ideal)
                  0.00    0.00    0.00 ^ _1275_/CLK (sky130_fd_sc_hd__dfrtp_1)
                  0.03    0.18    0.18 ^ _1275_/Q (sky130_fd_sc_hd__dfrtp_1)
     1    0.00                           byte_controller.bit_controller.cSCL[0] (net)
                  0.03    0.00    0.18 ^ _1083_/B (sky130_fd_sc_hd__and2_1)
                  0.03    0.07    0.25 ^ _1083_/X (sky130_fd_sc_hd__and2_1)
     1    0.00                           _0024_ (net)
                  0.03    0.00    0.25 ^ _1276_/D (sky130_fd_sc_hd__dfrtp_1)
                                  0.25   data arrival time

                  0.00    0.00    0.00   clock wb_clk_i (rise edge)
                          0.00    0.00   clock network delay (ideal)
                          0.00    0.00   clock reconvergence pessimism
                                  0.00 ^ _1276_/CLK (sky130_fd_sc_hd__dfrtp_1)
                         -0.02   -0.02   library hold time
                                 -0.02   data required time
-----------------------------------------------------------------------------
                                 -0.02   data required time
                                 -0.25   data arrival time
-----------------------------------------------------------------------------
                                  0.27   slack (MET)


Startpoint: arst_i (input port clocked by wb_clk_i)
Endpoint: _1257_ (recovery check against rising-edge clock wb_clk_i)
Path Group: **async_default**
Path Type: max

Fanout     Cap    Slew   Delay    Time   Description
-----------------------------------------------------------------------------
                  0.00    0.00    0.00   clock wb_clk_i (rise edge)
                          0.00    0.00   clock network delay (ideal)
                          4.00    4.00 ^ input external delay
                  0.02    0.00    4.00 ^ arst_i (in)
     1    0.00                           arst_i (net)
                  0.02    0.00    4.00 ^ input1/A (sky130_fd_sc_hd__clkbuf_4)
                  0.17    0.29    4.30 ^ input1/X (sky130_fd_sc_hd__clkbuf_4)
     8    0.03                           net1 (net)
                  0.17    0.00    4.30 ^ repeater40/A (sky130_fd_sc_hd__buf_8)
                  0.18    0.30    4.60 ^ repeater40/X (sky130_fd_sc_hd__buf_8)
    20    0.07                           net40 (net)
                  0.18    0.00    4.60 ^ repeater37/A (sky130_fd_sc_hd__buf_4)
                  0.21    0.36    4.96 ^ repeater37/X (sky130_fd_sc_hd__buf_4)
    12    0.04                           net37 (net)
                  0.21    0.00    4.96 ^ repeater36/A (sky130_fd_sc_hd__clkbuf_8)
                  0.18    0.38    5.34 ^ repeater36/X (sky130_fd_sc_hd__clkbuf_8)
    17    0.06                           net36 (net)
                  0.18    0.00    5.34 ^ repeater35/A (sky130_fd_sc_hd__buf_8)
                  0.19    0.32    5.66 ^ repeater35/X (sky130_fd_sc_hd__buf_8)
    20    0.07                           net35 (net)
                  0.19    0.00    5.66 ^ repeater34/A (sky130_fd_sc_hd__buf_8)
                  0.18    0.32    5.97 ^ repeater34/X (sky130_fd_sc_hd__buf_8)
    21    0.07                           net34 (net)
                  0.18    0.00    5.97 ^ _1257_/SET_B (sky130_fd_sc_hd__dfstp_1)
                                  5.97   data arrival time

                  0.00   20.00   20.00   clock wb_clk_i (rise edge)
                          0.00   20.00   clock network delay (ideal)
                          0.00   20.00   clock reconvergence pessimism
                                 20.00 ^ _1257_/CLK (sky130_fd_sc_hd__dfstp_1)
                          0.23   20.23   library recovery time
                                 20.23   data required time
-----------------------------------------------------------------------------
                                 20.23   data required time
                                 -5.97   data arrival time
-----------------------------------------------------------------------------
                                 14.26   slack (MET)


Startpoint: _1262_ (rising edge-triggered flip-flop clocked by wb_clk_i)
Endpoint: _1266_ (rising edge-triggered flip-flop clocked by wb_clk_i)
Path Group: wb_clk_i
Path Type: max

Fanout     Cap    Slew   Delay    Time   Description
-----------------------------------------------------------------------------
                  0.00    0.00    0.00   clock wb_clk_i (rise edge)
                          0.00    0.00   clock network delay (ideal)
                  0.00    0.00    0.00 ^ _1262_/CLK (sky130_fd_sc_hd__dfrtp_1)
                  0.09    0.71    0.71 v _1262_/Q (sky130_fd_sc_hd__dfrtp_1)
     2    0.00                           byte_controller.bit_controller.filter_cnt[1] (net)
                  0.09    0.00    0.71 v _0722_/A (sky130_fd_sc_hd__or2_1)
                  0.12    0.53    1.24 v _0722_/X (sky130_fd_sc_hd__or2_1)
     3    0.01                           _0315_ (net)
                  0.12    0.00    1.24 v _0723_/B (sky130_fd_sc_hd__or2_1)
                  0.12    0.51    1.75 v _0723_/X (sky130_fd_sc_hd__or2_1)
     3    0.01                           _0316_ (net)
                  0.12    0.00    1.75 v _0724_/B (sky130_fd_sc_hd__or2_1)
                  0.13    0.52    2.27 v _0724_/X (sky130_fd_sc_hd__or2_1)
     4    0.01                           _0317_ (net)
                  0.13    0.00    2.27 v _0725_/C (sky130_fd_sc_hd__or3_1)
                  0.17    0.78    3.05 v _0725_/X (sky130_fd_sc_hd__or3_1)
     3    0.01                           _0318_ (net)
                  0.17    0.00    3.05 v _0726_/B (sky130_fd_sc_hd__or2_1)
                  0.12    0.53    3.58 v _0726_/X (sky130_fd_sc_hd__or2_1)
     3    0.01                           _0319_ (net)
                  0.12    0.00    3.58 v _0727_/B (sky130_fd_sc_hd__or2_2)
                  0.15    0.70    4.28 v _0727_/X (sky130_fd_sc_hd__or2_2)
     5    0.01                           _0320_ (net)
                  0.15    0.00    4.28 v _0728_/D (sky130_fd_sc_hd__or4_4)
                  0.16    0.86    5.14 v _0728_/X (sky130_fd_sc_hd__or4_4)
     3    0.00                           _0321_ (net)
                  0.16    0.00    5.14 v _0729_/B (sky130_fd_sc_hd__or2_1)
                  0.12    0.52    5.66 v _0729_/X (sky130_fd_sc_hd__or2_1)
     3    0.01                           _0322_ (net)
                  0.12    0.00    5.66 v _0730_/B (sky130_fd_sc_hd__or2_2)
                  0.15    0.69    6.35 v _0730_/X (sky130_fd_sc_hd__or2_2)
     3    0.01                           _0323_ (net)
                  0.15    0.00    6.35 v _0731_/A (sky130_fd_sc_hd__inv_2)
                  0.11    0.15    6.50 ^ _0731_/Y (sky130_fd_sc_hd__inv_2)
     4    0.01                           _0324_ (net)
                  0.11    0.00    6.50 ^ _0732_/A (sky130_fd_sc_hd__buf_6)
                  0.19    0.29    6.79 ^ _0732_/X (sky130_fd_sc_hd__buf_6)
    18    0.06                           _0074_ (net)
                  0.19    0.00    6.79 ^ _1205_/S (sky130_fd_sc_hd__mux2_1)
                  0.10    0.72    7.51 v _1205_/X (sky130_fd_sc_hd__mux2_1)
     1    0.00                           _0089_ (net)
                  0.10    0.00    7.51 v _1053_/C (sky130_fd_sc_hd__and3_1)
                  0.06    0.36    7.87 v _1053_/X (sky130_fd_sc_hd__and3_1)
     1    0.00                           _0055_ (net)
                  0.06    0.00    7.87 v _1266_/D (sky130_fd_sc_hd__dfrtp_1)
                                  7.87   data arrival time

                  0.00   20.00   20.00   clock wb_clk_i (rise edge)
                          0.00   20.00   clock network delay (ideal)
                          0.00   20.00   clock reconvergence pessimism
                                 20.00 ^ _1266_/CLK (sky130_fd_sc_hd__dfrtp_1)
                         -0.29   19.71   library setup time
                                 19.71   data required time
-----------------------------------------------------------------------------
                                 19.71   data required time
                                 -7.87   data arrival time
-----------------------------------------------------------------------------
                                 11.84   slack (MET)


