0-prep 0h0m0s265ms
1-yosys 0h0m2s66ms
2-opensta 0h0m0s768ms
3-verilog2def_openroad 0h0m0s908ms
4-ioPlacer 0h0m0s723ms
5-tapcell 0h0m0s728ms
6-klayout_scrot 0h0m3s918ms
7-pdn 0h0m0s964ms
8-replace 0h0m3s986ms
8-resizer 0h0m3s538ms
9-write_verilog 0h0m0s723ms
10-opensta_post_resizer 0h0m0s786ms
11-opendp 0h0m0s745ms
12-klayout_scrot 0h0m4s69ms
13-cts 0h0m57s45ms
14-write_verilog 0h0m0s968ms
15-klayout_scrot 0h0m4s131ms
15-resizer_timing 0h0m3s953ms
16-write_verilog 0h0m1s170ms
17-opensta_post_resizer_timing 0h0m1s20ms
18-fastroute 0h0m5s902ms
19-addspacers 0h0m0s995ms
20-write_verilog 0h0m1s3ms
21-tritonRoute 0h0m41s505ms
22-klayout_scrot 0h0m4s329ms
23-spef_extraction 0h0m0s644ms
24-opensta_spef 0h0m0s837ms
26-write_verilog 0h0m0s768ms
28-klayout_scrot 0h0m4s309ms
31-magic_gen 0h0m5s820ms
32-klayout 0h0m3s891ms
33-klayout_scrot 0h0m4s301ms
35-klayout_scrot 0h0m4s332ms
36-klayout_xor 0h0m13s228ms
37-magic_ext_spice 0h0m1s749ms
38-lvs 0h0m0s210ms
39-magic_drc 0h0m5s39ms
41-or_antenna 0h0m1s116ms
42-cvc 0h0m0s165ms